<?xml version="1.0" encoding="UTF-8"?>
<!-- Generated by org.testng.reporters.JUnitXMLReporter -->
<testsuite ignored="1" hostname="DESKTOP-5V8832H" failures="0" tests="1" name="Default test" time="3.024" errors="0" timestamp="2022-09-11T13:37:36 CDT">
  <testcase classname="api_project.scratchpay.Test1" name="test" time="2.927"/>
  <testcase classname="api_project.scratchpay.Test1" name="testUserNotAbleToGetListOfEmailAddresses" time="0.0">
    <ignored/>
  </testcase> <!-- testUserNotAbleToGetListOfEmailAddresses -->
</testsuite> <!-- Default test -->
