<?xml version="1.0" encoding="UTF-8"?>
<testng-results ignored="1" total="2" passed="1" failed="0" skipped="0">
  <reporter-output>
  </reporter-output>
  <suite started-at="2022-09-11T13:37:33 CDT" name="Default suite" finished-at="2022-09-11T13:37:36 CDT" duration-ms="3024">
    <groups>
    </groups>
    <test started-at="2022-09-11T13:37:33 CDT" name="Default test" finished-at="2022-09-11T13:37:36 CDT" duration-ms="3024">
      <class name="api_project.scratchpay.Test1">
        <test-method signature="test()[pri:0, instance:api_project.scratchpay.Test1@5a45133e]" started-at="2022-09-11T13:37:33 CDT" name="test" finished-at="2022-09-11T13:37:36 CDT" duration-ms="2927" status="PASS">
          <reporter-output>
          </reporter-output>
        </test-method> <!-- test -->
      </class> <!-- api_project.scratchpay.Test1 -->
    </test> <!-- Default test -->
  </suite> <!-- Default suite -->
</testng-results>
